0 info it worked if it ends with ok
1 verbose cli [ 'c:\\Program Files (x86)\\nodejs\\node.exe',
1 verbose cli   'c:\\Program Files (x86)\\nodejs\\node_modules\\npm\\bin\\npm-cli.js',
1 verbose cli   'install' ]
2 info using npm@1.2.32
3 info using node@v0.10.12
4 verbose read json c:\Users\Hesler\Code\performancemetrics\package.json
5 warn package.json @ No repository field.
6 verbose readDependencies using package.json deps
7 verbose install where, deps [ 'c:\\Users\\Hesler\\Code\\performancemetrics',
7 verbose install   [ 'laravel-elixir', 'bootstrap-sass', 'gulp' ] ]
8 verbose from cache c:\Users\Hesler\Code\performancemetrics\package.json
9 info preinstall @
10 verbose from cache c:\Users\Hesler\Code\performancemetrics\package.json
11 verbose readDependencies using package.json deps
12 verbose cache add [ 'laravel-elixir@^5.0.0', null ]
13 verbose cache add name=undefined spec="laravel-elixir@^5.0.0" args=["laravel-elixir@^5.0.0",null]
14 verbose parsed url { protocol: null,
14 verbose parsed url   slashes: null,
14 verbose parsed url   auth: null,
14 verbose parsed url   host: null,
14 verbose parsed url   port: null,
14 verbose parsed url   hostname: null,
14 verbose parsed url   hash: null,
14 verbose parsed url   search: null,
14 verbose parsed url   query: null,
14 verbose parsed url   pathname: 'laravel-elixir@^5.0.0',
14 verbose parsed url   path: 'laravel-elixir@^5.0.0',
14 verbose parsed url   href: 'laravel-elixir@^5.0.0' }
15 verbose cache add name="laravel-elixir" spec="^5.0.0" args=["laravel-elixir","^5.0.0"]
16 verbose parsed url { protocol: null,
16 verbose parsed url   slashes: null,
16 verbose parsed url   auth: null,
16 verbose parsed url   host: null,
16 verbose parsed url   port: null,
16 verbose parsed url   hostname: null,
16 verbose parsed url   hash: null,
16 verbose parsed url   search: null,
16 verbose parsed url   query: null,
16 verbose parsed url   pathname: '^5.0.0',
16 verbose parsed url   path: '^5.0.0',
16 verbose parsed url   href: '^5.0.0' }
17 verbose addNamed [ 'laravel-elixir', '^5.0.0' ]
18 verbose addNamed [ null, null ]
19 verbose cache add [ 'bootstrap-sass@^3.0.0', null ]
20 verbose cache add name=undefined spec="bootstrap-sass@^3.0.0" args=["bootstrap-sass@^3.0.0",null]
21 verbose parsed url { protocol: null,
21 verbose parsed url   slashes: null,
21 verbose parsed url   auth: null,
21 verbose parsed url   host: null,
21 verbose parsed url   port: null,
21 verbose parsed url   hostname: null,
21 verbose parsed url   hash: null,
21 verbose parsed url   search: null,
21 verbose parsed url   query: null,
21 verbose parsed url   pathname: 'bootstrap-sass@^3.0.0',
21 verbose parsed url   path: 'bootstrap-sass@^3.0.0',
21 verbose parsed url   href: 'bootstrap-sass@^3.0.0' }
22 verbose cache add name="bootstrap-sass" spec="^3.0.0" args=["bootstrap-sass","^3.0.0"]
23 verbose parsed url { protocol: null,
23 verbose parsed url   slashes: null,
23 verbose parsed url   auth: null,
23 verbose parsed url   host: null,
23 verbose parsed url   port: null,
23 verbose parsed url   hostname: null,
23 verbose parsed url   hash: null,
23 verbose parsed url   search: null,
23 verbose parsed url   query: null,
23 verbose parsed url   pathname: '^3.0.0',
23 verbose parsed url   path: '^3.0.0',
23 verbose parsed url   href: '^3.0.0' }
24 verbose addNamed [ 'bootstrap-sass', '^3.0.0' ]
25 verbose addNamed [ null, null ]
26 verbose cache add [ 'gulp@^3.9.1', null ]
27 verbose cache add name=undefined spec="gulp@^3.9.1" args=["gulp@^3.9.1",null]
28 verbose parsed url { protocol: null,
28 verbose parsed url   slashes: null,
28 verbose parsed url   auth: null,
28 verbose parsed url   host: null,
28 verbose parsed url   port: null,
28 verbose parsed url   hostname: null,
28 verbose parsed url   hash: null,
28 verbose parsed url   search: null,
28 verbose parsed url   query: null,
28 verbose parsed url   pathname: 'gulp@^3.9.1',
28 verbose parsed url   path: 'gulp@^3.9.1',
28 verbose parsed url   href: 'gulp@^3.9.1' }
29 verbose cache add name="gulp" spec="^3.9.1" args=["gulp","^3.9.1"]
30 verbose parsed url { protocol: null,
30 verbose parsed url   slashes: null,
30 verbose parsed url   auth: null,
30 verbose parsed url   host: null,
30 verbose parsed url   port: null,
30 verbose parsed url   hostname: null,
30 verbose parsed url   hash: null,
30 verbose parsed url   search: null,
30 verbose parsed url   query: null,
30 verbose parsed url   pathname: '^3.9.1',
30 verbose parsed url   path: '^3.9.1',
30 verbose parsed url   href: '^3.9.1' }
31 verbose addNamed [ 'gulp', '^3.9.1' ]
32 verbose addNamed [ null, null ]
33 silly lockFile 055fb59e-laravel-elixir-5-0-0 laravel-elixir@^5.0.0
34 verbose lock laravel-elixir@^5.0.0 C:\Users\Hesler\AppData\Roaming\npm-cache\055fb59e-laravel-elixir-5-0-0.lock
35 silly lockFile d9f814aa-bootstrap-sass-3-0-0 bootstrap-sass@^3.0.0
36 verbose lock bootstrap-sass@^3.0.0 C:\Users\Hesler\AppData\Roaming\npm-cache\d9f814aa-bootstrap-sass-3-0-0.lock
37 silly lockFile e5c114fc-gulp-3-9-1 gulp@^3.9.1
38 verbose lock gulp@^3.9.1 C:\Users\Hesler\AppData\Roaming\npm-cache\e5c114fc-gulp-3-9-1.lock
39 info addNameTag [ 'laravel-elixir', '^5.0.0' ]
40 info addNameTag [ 'bootstrap-sass', '^3.0.0' ]
41 info addNameTag [ 'gulp', '^3.9.1' ]
42 verbose url raw bootstrap-sass
43 verbose url resolving [ 'https://registry.npmjs.org/', './bootstrap-sass' ]
44 verbose url resolved https://registry.npmjs.org/bootstrap-sass
45 info trying registry request attempt 1 at 17:00:49
46 verbose etag "76HR6LNMFJJTYIZ8NWISPTICK"
47 http GET https://registry.npmjs.org/bootstrap-sass
48 verbose url raw laravel-elixir
49 verbose url resolving [ 'https://registry.npmjs.org/', './laravel-elixir' ]
50 verbose url resolved https://registry.npmjs.org/laravel-elixir
51 info trying registry request attempt 1 at 17:00:49
52 verbose etag "DKMESP0LKMNLBNWKVZ6GKQBRI"
53 http GET https://registry.npmjs.org/laravel-elixir
54 verbose url raw gulp
55 verbose url resolving [ 'https://registry.npmjs.org/', './gulp' ]
56 verbose url resolved https://registry.npmjs.org/gulp
57 info trying registry request attempt 1 at 17:00:49
58 verbose etag "8PZM465REOHYE81D6WH821OXP"
59 http GET https://registry.npmjs.org/gulp
60 http 304 https://registry.npmjs.org/gulp
61 silly registry.get cb [ 304,
61 silly registry.get   { date: 'Thu, 09 Jun 2016 23:00:48 GMT',
61 silly registry.get     via: '1.1 varnish',
61 silly registry.get     'cache-control': 'max-age=300',
61 silly registry.get     etag: '"8PZM465REOHYE81D6WH821OXP"',
61 silly registry.get     age: '63',
61 silly registry.get     connection: 'keep-alive',
61 silly registry.get     'x-served-by': 'cache-iad2123-IAD',
61 silly registry.get     'x-cache': 'HIT',
61 silly registry.get     'x-cache-hits': '1',
61 silly registry.get     'x-timer': 'S1465513248.977842,VS0,VE0',
61 silly registry.get     vary: 'Accept-Encoding' } ]
62 verbose etag gulp from cache
63 http 304 https://registry.npmjs.org/laravel-elixir
64 silly registry.get cb [ 304,
64 silly registry.get   { date: 'Thu, 09 Jun 2016 23:00:48 GMT',
64 silly registry.get     via: '1.1 varnish',
64 silly registry.get     'cache-control': 'max-age=300',
64 silly registry.get     etag: '"DKMESP0LKMNLBNWKVZ6GKQBRI"',
64 silly registry.get     age: '63',
64 silly registry.get     connection: 'keep-alive',
64 silly registry.get     'x-served-by': 'cache-iad2133-IAD',
64 silly registry.get     'x-cache': 'HIT',
64 silly registry.get     'x-cache-hits': '1',
64 silly registry.get     'x-timer': 'S1465513248.994131,VS0,VE0',
64 silly registry.get     vary: 'Accept-Encoding' } ]
65 verbose etag laravel-elixir from cache
66 http 304 https://registry.npmjs.org/bootstrap-sass
67 silly registry.get cb [ 304,
67 silly registry.get   { date: 'Thu, 09 Jun 2016 23:00:49 GMT',
67 silly registry.get     via: '1.1 varnish',
67 silly registry.get     'cache-control': 'max-age=300',
67 silly registry.get     etag: '"76HR6LNMFJJTYIZ8NWISPTICK"',
67 silly registry.get     age: '63',
67 silly registry.get     connection: 'keep-alive',
67 silly registry.get     'x-served-by': 'cache-iad2145-IAD',
67 silly registry.get     'x-cache': 'HIT',
67 silly registry.get     'x-cache-hits': '1',
67 silly registry.get     'x-timer': 'S1465513249.008544,VS0,VE0',
67 silly registry.get     vary: 'Accept-Encoding' } ]
68 verbose etag bootstrap-sass from cache
69 silly lockFile e5c114fc-gulp-3-9-1 gulp@^3.9.1
70 silly lockFile e5c114fc-gulp-3-9-1 gulp@^3.9.1
71 silly lockFile d9f814aa-bootstrap-sass-3-0-0 bootstrap-sass@^3.0.0
72 silly lockFile d9f814aa-bootstrap-sass-3-0-0 bootstrap-sass@^3.0.0
73 silly lockFile 055fb59e-laravel-elixir-5-0-0 laravel-elixir@^5.0.0
74 silly lockFile 055fb59e-laravel-elixir-5-0-0 laravel-elixir@^5.0.0
75 error Error: No compatible version found: gulp@'^3.9.1'
75 error Valid install targets:
75 error ["0.0.1","0.0.2","0.0.3","0.0.4","0.0.5","0.0.7","0.0.8","0.0.9","0.1.0","0.2.0","1.0.0","1.1.0","1.2.0","1.2.1","2.0.0","2.0.1","2.1.0","2.2.0","2.3.0","2.4.0","2.4.1","2.6.0","2.6.1","2.7.0","3.0.0","3.1.1","3.1.2","3.1.3","3.1.4","3.2.0","3.2.1","3.2.2","3.2.3","3.2.4","3.2.5","3.3.0","3.3.1","3.3.2","3.3.4","3.4.0","3.5.0","3.5.1","3.5.2","3.5.5","3.5.6","3.6.0","3.6.1","3.6.2","3.7.0","3.8.0","3.8.1","3.8.2","3.8.3","3.8.4","3.8.5","3.8.6","3.8.7","3.8.8","3.8.9","3.8.10","3.8.11","3.9.0","3.9.1"]
75 error     at installTargetsError (c:\Program Files (x86)\nodejs\node_modules\npm\lib\cache.js:719:10)
75 error     at c:\Program Files (x86)\nodejs\node_modules\npm\lib\cache.js:641:10
75 error     at saved (c:\Program Files (x86)\nodejs\node_modules\npm\node_modules\npm-registry-client\lib\get.js:138:7)
75 error     at Object.oncomplete (fs.js:107:15)
76 error If you need help, you may report this log at:
76 error     <http://github.com/isaacs/npm/issues>
76 error or email it to:
76 error     <npm-@googlegroups.com>
77 error System Windows_NT 6.2.9200
78 error command "c:\\Program Files (x86)\\nodejs\\node.exe" "c:\\Program Files (x86)\\nodejs\\node_modules\\npm\\bin\\npm-cli.js" "install"
79 error cwd c:\Users\Hesler\Code\performancemetrics
80 error node -v v0.10.12
81 error npm -v 1.2.32
82 verbose exit [ 1, true ]
